  Laba5.cpp
D:\USATU\OOP\OOP_Labs\LaboratoryWork5\BaseDesc\Laba5\Laba5.cpp(14,1): warning C4311: <function-style-cast>: усечение указателя из "Base *" в "int"
D:\USATU\OOP\OOP_Labs\LaboratoryWork5\BaseDesc\Laba5\Laba5.cpp(14,1): warning C4302: <function-style-cast>: усечение из "Base *" к "int"
D:\USATU\OOP\OOP_Labs\LaboratoryWork5\BaseDesc\Laba5\Laba5.cpp(19,1): warning C4311: <function-style-cast>: усечение указателя из "Base *" в "int"
D:\USATU\OOP\OOP_Labs\LaboratoryWork5\BaseDesc\Laba5\Laba5.cpp(19,1): warning C4302: <function-style-cast>: усечение из "Base *" к "int"
D:\USATU\OOP\OOP_Labs\LaboratoryWork5\BaseDesc\Laba5\Laba5.cpp(24,1): warning C4311: <function-style-cast>: усечение указателя из "Base *" в "int"
D:\USATU\OOP\OOP_Labs\LaboratoryWork5\BaseDesc\Laba5\Laba5.cpp(24,1): warning C4302: <function-style-cast>: усечение из "Base *" к "int"
D:\USATU\OOP\OOP_Labs\LaboratoryWork5\BaseDesc\Laba5\Laba5.cpp(24,1): warning C4311: приведение типов: усечение указателя из "const Base *" в "int"
D:\USATU\OOP\OOP_Labs\LaboratoryWork5\BaseDesc\Laba5\Laba5.cpp(24,1): warning C4302: приведение типов: усечение из "const Base *" к "int"
D:\USATU\OOP\OOP_Labs\LaboratoryWork5\BaseDesc\Laba5\Laba5.cpp(29,1): warning C4311: <function-style-cast>: усечение указателя из "Base *" в "int"
D:\USATU\OOP\OOP_Labs\LaboratoryWork5\BaseDesc\Laba5\Laba5.cpp(29,1): warning C4302: <function-style-cast>: усечение из "Base *" к "int"
D:\USATU\OOP\OOP_Labs\LaboratoryWork5\BaseDesc\Laba5\Laba5.cpp(29,1): warning C4311: приведение типов: усечение указателя из "Base *" в "int"
D:\USATU\OOP\OOP_Labs\LaboratoryWork5\BaseDesc\Laba5\Laba5.cpp(29,1): warning C4302: приведение типов: усечение из "Base *" к "int"
D:\USATU\OOP\OOP_Labs\LaboratoryWork5\BaseDesc\Laba5\Laba5.cpp(35,1): warning C4311: приведение типов: усечение указателя из "Base *" в "int"
D:\USATU\OOP\OOP_Labs\LaboratoryWork5\BaseDesc\Laba5\Laba5.cpp(35,1): warning C4302: приведение типов: усечение из "Base *" к "int"
D:\USATU\OOP\OOP_Labs\LaboratoryWork5\BaseDesc\Laba5\Laba5.cpp(44,1): warning C4311: <function-style-cast>: усечение указателя из "Desc *" в "int"
D:\USATU\OOP\OOP_Labs\LaboratoryWork5\BaseDesc\Laba5\Laba5.cpp(44,1): warning C4302: <function-style-cast>: усечение из "Desc *" к "int"
D:\USATU\OOP\OOP_Labs\LaboratoryWork5\BaseDesc\Laba5\Laba5.cpp(49,1): warning C4311: <function-style-cast>: усечение указателя из "Desc *" в "int"
D:\USATU\OOP\OOP_Labs\LaboratoryWork5\BaseDesc\Laba5\Laba5.cpp(49,1): warning C4302: <function-style-cast>: усечение из "Desc *" к "int"
D:\USATU\OOP\OOP_Labs\LaboratoryWork5\BaseDesc\Laba5\Laba5.cpp(54,1): warning C4311: <function-style-cast>: усечение указателя из "Desc *" в "int"
D:\USATU\OOP\OOP_Labs\LaboratoryWork5\BaseDesc\Laba5\Laba5.cpp(54,1): warning C4302: <function-style-cast>: усечение из "Desc *" к "int"
D:\USATU\OOP\OOP_Labs\LaboratoryWork5\BaseDesc\Laba5\Laba5.cpp(54,1): warning C4311: приведение типов: усечение указателя из "const Desc *" в "int"
D:\USATU\OOP\OOP_Labs\LaboratoryWork5\BaseDesc\Laba5\Laba5.cpp(54,1): warning C4302: приведение типов: усечение из "const Desc *" к "int"
D:\USATU\OOP\OOP_Labs\LaboratoryWork5\BaseDesc\Laba5\Laba5.cpp(59,1): warning C4311: <function-style-cast>: усечение указателя из "Desc *" в "int"
D:\USATU\OOP\OOP_Labs\LaboratoryWork5\BaseDesc\Laba5\Laba5.cpp(59,1): warning C4302: <function-style-cast>: усечение из "Desc *" к "int"
D:\USATU\OOP\OOP_Labs\LaboratoryWork5\BaseDesc\Laba5\Laba5.cpp(59,1): warning C4311: приведение типов: усечение указателя из "Desc *" в "int"
D:\USATU\OOP\OOP_Labs\LaboratoryWork5\BaseDesc\Laba5\Laba5.cpp(59,1): warning C4302: приведение типов: усечение из "Desc *" к "int"
D:\USATU\OOP\OOP_Labs\LaboratoryWork5\BaseDesc\Laba5\Laba5.cpp(65,1): warning C4311: приведение типов: усечение указателя из "Desc *" в "int"
D:\USATU\OOP\OOP_Labs\LaboratoryWork5\BaseDesc\Laba5\Laba5.cpp(65,1): warning C4302: приведение типов: усечение из "Desc *" к "int"
  Создание кода
  21 of 82 functions (25.6%) were compiled, the rest were copied from previous compilation.
    0 functions were new in current compilation
    1 functions had inline decision re-evaluated but remain unchanged
  Создание кода завершено
  Laba5.vcxproj -> D:\USATU\OOP\OOP_Labs\LaboratoryWork5\BaseDesc\x64\Release\Laba5.exe
